2026-04-29T10:54:51.890+05:30  INFO 14044 --- [configServer] [main] c.c.c.ConfigServerApplication            : Starting ConfigServerApplication using Java 21.0.3 with PID 14044 (C:\Users\casif\OneDrive\Desktop\Asif\UdemyEmbarkx\New\Observability&Tracing\Microservice-Ecommerce-Embarkx\configServer\target\classes started by casif in C:\Users\casif\OneDrive\Desktop\Asif\UdemyEmbarkx\New\Observability&Tracing\Microservice-Ecommerce-Embarkx)
2026-04-29T10:54:51.910+05:30  INFO 14044 --- [configServer] [main] c.c.c.ConfigServerApplication            : The following 1 profile is active: "native"
2026-04-29T10:54:53.956+05:30  INFO 14044 --- [configServer] [main] o.s.cloud.context.scope.GenericScope     : BeanFactory id=e10eddb2-ee4d-3c8f-bb0e-bba3ea49171c
2026-04-29T10:54:54.806+05:30  INFO 14044 --- [configServer] [main] o.s.boot.tomcat.TomcatWebServer          : Tomcat initialized with port 8888 (http)
2026-04-29T10:54:54.839+05:30  INFO 14044 --- [configServer] [main] o.apache.catalina.core.StandardService   : Starting service [Tomcat]
2026-04-29T10:54:54.840+05:30  INFO 14044 --- [configServer] [main] o.apache.catalina.core.StandardEngine    : Starting Servlet engine: [Apache Tomcat/11.0.21]
2026-04-29T10:54:55.054+05:30  INFO 14044 --- [configServer] [main] b.w.c.s.WebApplicationContextInitializer : Root WebApplicationContext: initialization completed in 2951 ms
2026-04-29T10:54:57.448+05:30  INFO 14044 --- [configServer] [main] o.s.boot.tomcat.TomcatWebServer          : Tomcat started on port 8888 (http) with context path '/'
2026-04-29T10:54:57.502+05:30  INFO 14044 --- [configServer] [main] c.c.c.ConfigServerApplication            : Started ConfigServerApplication in 7.396 seconds (process running for 9.681)
2026-04-29T10:54:59.550+05:30  INFO 14044 --- [configServer] [http-nio-8888-exec-1] o.a.c.c.C.[Tomcat].[localhost].[/]       : Initializing Spring DispatcherServlet 'dispatcherServlet'
2026-04-29T10:54:59.553+05:30  INFO 14044 --- [configServer] [http-nio-8888-exec-1] o.s.web.servlet.DispatcherServlet        : Initializing Servlet 'dispatcherServlet'
2026-04-29T10:54:59.562+05:30  INFO 14044 --- [configServer] [http-nio-8888-exec-1] o.s.web.servlet.DispatcherServlet        : Completed initialization in 8 ms
2026-04-29T10:54:59.731+05:30  INFO 14044 --- [configServer] [http-nio-8888-exec-1] o.s.c.c.s.e.NativeEnvironmentRepository  : Adding property source: Config resource 'class path resource [config/user-service.yml]' via location 'optional:classpath:/config/'
2026-04-29T10:55:06.847+05:30  INFO 14044 --- [configServer] [http-nio-8888-exec-2] o.s.c.c.s.e.NativeEnvironmentRepository  : Adding property source: Config resource 'class path resource [config/order-service.yml]' via location 'optional:classpath:/config/'
2026-04-29T10:55:18.840+05:30  INFO 14044 --- [configServer] [http-nio-8888-exec-4] o.s.c.c.s.e.NativeEnvironmentRepository  : Adding property source: Config resource 'class path resource [config/product-service.yml]' via location 'optional:classpath:/config/'
2026-04-29T11:09:50.177+05:30  INFO 14044 --- [configServer] [SpringApplicationShutdownHook] o.s.boot.tomcat.GracefulShutdown         : Commencing graceful shutdown. Waiting for active requests to complete
2026-04-29T11:09:50.323+05:30  INFO 14044 --- [configServer] [tomcat-shutdown] o.s.boot.tomcat.GracefulShutdown         : Graceful shutdown complete
2026-04-29T11:10:02.484+05:30  INFO 13508 --- [configServer] [main] c.c.c.ConfigServerApplication            : Starting ConfigServerApplication using Java 21.0.3 with PID 13508 (C:\Users\casif\OneDrive\Desktop\Asif\UdemyEmbarkx\New\Observability&Tracing\Microservice-Ecommerce-Embarkx\configServer\target\classes started by casif in C:\Users\casif\OneDrive\Desktop\Asif\UdemyEmbarkx\New\Observability&Tracing\Microservice-Ecommerce-Embarkx)
2026-04-29T11:10:02.487+05:30  INFO 13508 --- [configServer] [main] c.c.c.ConfigServerApplication            : The following 1 profile is active: "native"
2026-04-29T11:10:04.410+05:30  INFO 13508 --- [configServer] [main] o.s.cloud.context.scope.GenericScope     : BeanFactory id=e10eddb2-ee4d-3c8f-bb0e-bba3ea49171c
2026-04-29T11:10:05.041+05:30  INFO 13508 --- [configServer] [main] o.s.boot.tomcat.TomcatWebServer          : Tomcat initialized with port 8888 (http)
2026-04-29T11:10:05.082+05:30  INFO 13508 --- [configServer] [main] o.apache.catalina.core.StandardService   : Starting service [Tomcat]
2026-04-29T11:10:05.083+05:30  INFO 13508 --- [configServer] [main] o.apache.catalina.core.StandardEngine    : Starting Servlet engine: [Apache Tomcat/11.0.21]
2026-04-29T11:10:05.240+05:30  INFO 13508 --- [configServer] [main] b.w.c.s.WebApplicationContextInitializer : Root WebApplicationContext: initialization completed in 2598 ms
2026-04-29T11:10:07.475+05:30  INFO 13508 --- [configServer] [main] o.s.boot.tomcat.TomcatWebServer          : Tomcat started on port 8888 (http) with context path '/'
2026-04-29T11:10:07.536+05:30  INFO 13508 --- [configServer] [main] c.c.c.ConfigServerApplication            : Started ConfigServerApplication in 7.294 seconds (process running for 9.23)
2026-04-29T11:10:59.363+05:30  INFO 13508 --- [configServer] [http-nio-8888-exec-1] o.a.c.c.C.[Tomcat].[localhost].[/]       : Initializing Spring DispatcherServlet 'dispatcherServlet'
2026-04-29T11:10:59.365+05:30  INFO 13508 --- [configServer] [http-nio-8888-exec-1] o.s.web.servlet.DispatcherServlet        : Initializing Servlet 'dispatcherServlet'
2026-04-29T11:10:59.371+05:30  INFO 13508 --- [configServer] [http-nio-8888-exec-1] o.s.web.servlet.DispatcherServlet        : Completed initialization in 4 ms
2026-04-29T11:10:59.593+05:30  INFO 13508 --- [configServer] [http-nio-8888-exec-1] o.s.c.c.s.e.NativeEnvironmentRepository  : Adding property source: Config resource 'class path resource [config/user-service.yml]' via location 'optional:classpath:/config/'
2026-04-29T11:11:28.311+05:30  INFO 13508 --- [configServer] [http-nio-8888-exec-2] o.s.c.c.s.e.NativeEnvironmentRepository  : Adding property source: Config resource 'class path resource [config/order-service.yml]' via location 'optional:classpath:/config/'
2026-04-29T11:11:49.069+05:30  INFO 13508 --- [configServer] [http-nio-8888-exec-3] o.s.c.c.s.e.NativeEnvironmentRepository  : Adding property source: Config resource 'class path resource [config/product-service.yml]' via location 'optional:classpath:/config/'
2026-04-29T11:22:49.102+05:30  INFO 13508 --- [configServer] [SpringApplicationShutdownHook] o.s.boot.tomcat.GracefulShutdown         : Commencing graceful shutdown. Waiting for active requests to complete
2026-04-29T11:22:49.259+05:30  INFO 13508 --- [configServer] [tomcat-shutdown] o.s.boot.tomcat.GracefulShutdown         : Graceful shutdown complete
2026-04-29T11:23:00.641+05:30  INFO 9532 --- [configServer] [main] c.c.c.ConfigServerApplication            : Starting ConfigServerApplication using Java 21.0.3 with PID 9532 (C:\Users\casif\OneDrive\Desktop\Asif\UdemyEmbarkx\New\Observability&Tracing\Microservice-Ecommerce-Embarkx\configServer\target\classes started by casif in C:\Users\casif\OneDrive\Desktop\Asif\UdemyEmbarkx\New\Observability&Tracing\Microservice-Ecommerce-Embarkx)
2026-04-29T11:23:00.648+05:30  INFO 9532 --- [configServer] [main] c.c.c.ConfigServerApplication            : The following 1 profile is active: "native"
2026-04-29T11:23:03.055+05:30  INFO 9532 --- [configServer] [main] o.s.cloud.context.scope.GenericScope     : BeanFactory id=e10eddb2-ee4d-3c8f-bb0e-bba3ea49171c
2026-04-29T11:23:04.011+05:30  INFO 9532 --- [configServer] [main] o.s.boot.tomcat.TomcatWebServer          : Tomcat initialized with port 8888 (http)
2026-04-29T11:23:04.051+05:30  INFO 9532 --- [configServer] [main] o.apache.catalina.core.StandardService   : Starting service [Tomcat]
2026-04-29T11:23:04.052+05:30  INFO 9532 --- [configServer] [main] o.apache.catalina.core.StandardEngine    : Starting Servlet engine: [Apache Tomcat/11.0.21]
2026-04-29T11:23:04.280+05:30  INFO 9532 --- [configServer] [main] b.w.c.s.WebApplicationContextInitializer : Root WebApplicationContext: initialization completed in 3483 ms
2026-04-29T11:23:06.423+05:30  INFO 9532 --- [configServer] [main] o.s.boot.tomcat.TomcatWebServer          : Tomcat started on port 8888 (http) with context path '/'
2026-04-29T11:23:06.487+05:30  INFO 9532 --- [configServer] [main] c.c.c.ConfigServerApplication            : Started ConfigServerApplication in 7.507 seconds (process running for 9.19)
2026-04-29T11:23:09.502+05:30  INFO 9532 --- [configServer] [http-nio-8888-exec-1] o.a.c.c.C.[Tomcat].[localhost].[/]       : Initializing Spring DispatcherServlet 'dispatcherServlet'
2026-04-29T11:23:09.504+05:30  INFO 9532 --- [configServer] [http-nio-8888-exec-1] o.s.web.servlet.DispatcherServlet        : Initializing Servlet 'dispatcherServlet'
2026-04-29T11:23:09.513+05:30  INFO 9532 --- [configServer] [http-nio-8888-exec-1] o.s.web.servlet.DispatcherServlet        : Completed initialization in 7 ms
2026-04-29T11:23:09.754+05:30  INFO 9532 --- [configServer] [http-nio-8888-exec-1] o.s.c.c.s.e.NativeEnvironmentRepository  : Adding property source: Config resource 'class path resource [config/user-service.yml]' via location 'optional:classpath:/config/'
2026-04-29T11:23:18.696+05:30  INFO 9532 --- [configServer] [http-nio-8888-exec-2] o.s.c.c.s.e.NativeEnvironmentRepository  : Adding property source: Config resource 'class path resource [config/product-service.yml]' via location 'optional:classpath:/config/'
2026-04-29T11:23:31.791+05:30  INFO 9532 --- [configServer] [http-nio-8888-exec-3] o.s.c.c.s.e.NativeEnvironmentRepository  : Adding property source: Config resource 'class path resource [config/order-service.yml]' via location 'optional:classpath:/config/'
2026-04-29T11:41:31.284+05:30  INFO 9532 --- [configServer] [http-nio-8888-exec-7] o.s.c.c.s.e.NativeEnvironmentRepository  : Adding property source: Config resource 'class path resource [config/order-service.yml]' via location 'optional:classpath:/config/'
2026-04-29T11:47:15.446+05:30  INFO 9532 --- [configServer] [http-nio-8888-exec-9] o.s.c.c.s.e.NativeEnvironmentRepository  : Adding property source: Config resource 'class path resource [config/order-service.yml]' via location 'optional:classpath:/config/'
2026-04-29T11:52:03.482+05:30  INFO 9532 --- [configServer] [http-nio-8888-exec-1] o.s.c.c.s.e.NativeEnvironmentRepository  : Adding property source: Config resource 'class path resource [config/order-service.yml]' via location 'optional:classpath:/config/'
2026-04-29T11:52:28.075+05:30  INFO 9532 --- [configServer] [http-nio-8888-exec-3] o.s.c.c.s.e.NativeEnvironmentRepository  : Adding property source: Config resource 'class path resource [config/order-service.yml]' via location 'optional:classpath:/config/'
2026-04-29T12:13:41.208+05:30  INFO 9532 --- [configServer] [SpringApplicationShutdownHook] o.s.boot.tomcat.GracefulShutdown         : Commencing graceful shutdown. Waiting for active requests to complete
2026-04-29T12:13:41.375+05:30  INFO 9532 --- [configServer] [tomcat-shutdown] o.s.boot.tomcat.GracefulShutdown         : Graceful shutdown complete
2026-04-29T12:13:54.745+05:30  INFO 16032 --- [configServer] [main] c.c.c.ConfigServerApplication            : Starting ConfigServerApplication using Java 21.0.3 with PID 16032 (C:\Users\casif\OneDrive\Desktop\Asif\UdemyEmbarkx\New\Observability&Tracing\Microservice-Ecommerce-Embarkx\configServer\target\classes started by casif in C:\Users\casif\OneDrive\Desktop\Asif\UdemyEmbarkx\New\Observability&Tracing\Microservice-Ecommerce-Embarkx)
2026-04-29T12:13:54.751+05:30  INFO 16032 --- [configServer] [main] c.c.c.ConfigServerApplication            : The following 1 profile is active: "native"
2026-04-29T12:13:56.702+05:30  INFO 16032 --- [configServer] [main] o.s.cloud.context.scope.GenericScope     : BeanFactory id=e10eddb2-ee4d-3c8f-bb0e-bba3ea49171c
2026-04-29T12:13:57.616+05:30  INFO 16032 --- [configServer] [main] o.s.boot.tomcat.TomcatWebServer          : Tomcat initialized with port 8888 (http)
2026-04-29T12:13:57.671+05:30  INFO 16032 --- [configServer] [main] o.apache.catalina.core.StandardService   : Starting service [Tomcat]
2026-04-29T12:13:57.672+05:30  INFO 16032 --- [configServer] [main] o.apache.catalina.core.StandardEngine    : Starting Servlet engine: [Apache Tomcat/11.0.21]
2026-04-29T12:13:57.845+05:30  INFO 16032 --- [configServer] [main] b.w.c.s.WebApplicationContextInitializer : Root WebApplicationContext: initialization completed in 2959 ms
2026-04-29T12:13:59.915+05:30  INFO 16032 --- [configServer] [main] o.s.boot.tomcat.TomcatWebServer          : Tomcat started on port 8888 (http) with context path '/'
2026-04-29T12:13:59.950+05:30  INFO 16032 --- [configServer] [main] c.c.c.ConfigServerApplication            : Started ConfigServerApplication in 8.128 seconds (process running for 10.201)
2026-04-29T12:14:10.103+05:30  INFO 16032 --- [configServer] [http-nio-8888-exec-1] o.a.c.c.C.[Tomcat].[localhost].[/]       : Initializing Spring DispatcherServlet 'dispatcherServlet'
2026-04-29T12:14:10.104+05:30  INFO 16032 --- [configServer] [http-nio-8888-exec-1] o.s.web.servlet.DispatcherServlet        : Initializing Servlet 'dispatcherServlet'
2026-04-29T12:14:10.108+05:30  INFO 16032 --- [configServer] [http-nio-8888-exec-1] o.s.web.servlet.DispatcherServlet        : Completed initialization in 4 ms
2026-04-29T12:14:10.354+05:30  INFO 16032 --- [configServer] [http-nio-8888-exec-1] o.s.c.c.s.e.NativeEnvironmentRepository  : Adding property source: Config resource 'class path resource [config/user-service.yml]' via location 'optional:classpath:/config/'
2026-04-29T12:14:16.418+05:30  INFO 16032 --- [configServer] [http-nio-8888-exec-2] o.s.c.c.s.e.NativeEnvironmentRepository  : Adding property source: Config resource 'class path resource [config/order-service.yml]' via location 'optional:classpath:/config/'
2026-04-29T12:14:30.738+05:30  INFO 16032 --- [configServer] [http-nio-8888-exec-3] o.s.c.c.s.e.NativeEnvironmentRepository  : Adding property source: Config resource 'class path resource [config/product-service.yml]' via location 'optional:classpath:/config/'
